-------------------------------------------------------------------------------
Test set: runner.TestRunner
-------------------------------------------------------------------------------
Tests run: 14, Failures: 1, Errors: 0, Skipped: 0, Time elapsed: 103.389 s <<< FAILURE! - in runner.TestRunner
Login with valid email and invalid password(Login functionality)  Time elapsed: 7.308 s  <<< FAILURE!
java.lang.AssertionError

